<?xml version="1.0" encoding="UTF-8"?>
<!-- Generated by org.testng.reporters.JUnitReportReporter -->
<testsuite hostname="Windows-PC" failures="0" tests="1" name="testCases.Tests" time="10.545" errors="0" timestamp="2022-12-07T21:31:43 IST" skipped="0">
  <testcase classname="testCases.Tests" name="method1" time="10.545"/>
  <system-out/>
</testsuite> <!-- testCases.Tests -->
