<?xml version="1.0" encoding="UTF-8"?>
<!-- Generated by org.testng.reporters.JUnitReportReporter -->
<testsuite hostname="Windows-PC" failures="0" tests="1" name="testCases.SignUpTestCases" time="26.987" errors="0" timestamp="2022-12-12T01:43:56 IST" skipped="0">
  <testcase classname="testCases.SignUpTestCases" name="veryfySignUp" time="26.987"/>
  <system-out/>
</testsuite> <!-- testCases.SignUpTestCases -->
